<?xml version="1.0" encoding="UTF-8"?>
<testng-results ignored="0" total="1" passed="1" failed="0" skipped="0">
  <reporter-output>
  </reporter-output>
  <suite started-at="2021-10-09T13:13:05 IST" name="Default suite" finished-at="2021-10-09T13:13:25 IST" duration-ms="19881">
    <groups>
    </groups>
    <test started-at="2021-10-09T13:13:05 IST" name="Default test" finished-at="2021-10-09T13:13:25 IST" duration-ms="19881">
      <class name="testScript.Tc_01CreateOrgWithBaseClass">
        <test-method is-config="true" signature="launchBrowser()[pri:0, instance:testScript.Tc_01CreateOrgWithBaseClass@33c911a1]" started-at="2021-10-09T13:13:01 IST" name="launchBrowser" finished-at="2021-10-09T13:13:05 IST" duration-ms="3515" status="PASS">
          <reporter-output>
          </reporter-output>
        </test-method> <!-- launchBrowser -->
        <test-method is-config="true" signature="launchBrowser()[pri:0, instance:testScript.Tc_01CreateOrgWithBaseClass@33c911a1]" started-at="2021-10-09T13:13:05 IST" name="launchBrowser" finished-at="2021-10-09T13:13:07 IST" duration-ms="2291" status="PASS">
          <reporter-output>
          </reporter-output>
        </test-method> <!-- launchBrowser -->
        <test-method is-config="true" signature="loginToApp()[pri:0, instance:testScript.Tc_01CreateOrgWithBaseClass@33c911a1]" started-at="2021-10-09T13:13:07 IST" name="loginToApp" finished-at="2021-10-09T13:13:10 IST" duration-ms="2770" status="PASS">
          <reporter-output>
          </reporter-output>
        </test-method> <!-- loginToApp -->
        <test-method signature="createOrgWithBaseClass()[pri:0, instance:testScript.Tc_01CreateOrgWithBaseClass@33c911a1]" started-at="2021-10-09T13:13:10 IST" name="createOrgWithBaseClass" finished-at="2021-10-09T13:13:24 IST" duration-ms="14515" status="PASS">
          <reporter-output>
          </reporter-output>
        </test-method> <!-- createOrgWithBaseClass -->
        <test-method is-config="true" signature="logOutOfApp()[pri:0, instance:testScript.Tc_01CreateOrgWithBaseClass@33c911a1]" started-at="2021-10-09T13:13:24 IST" name="logOutOfApp" finished-at="2021-10-09T13:13:25 IST" duration-ms="234" status="PASS">
          <reporter-output>
          </reporter-output>
        </test-method> <!-- logOutOfApp -->
        <test-method is-config="true" signature="closeDb()[pri:0, instance:testScript.Tc_01CreateOrgWithBaseClass@33c911a1]" started-at="2021-10-09T13:13:25 IST" name="closeDb" finished-at="2021-10-09T13:13:25 IST" duration-ms="1" status="PASS">
          <reporter-output>
          </reporter-output>
        </test-method> <!-- closeDb -->
      </class> <!-- testScript.Tc_01CreateOrgWithBaseClass -->
    </test> <!-- Default test -->
  </suite> <!-- Default suite -->
</testng-results>
